# JRE version: OpenJDK Runtime Environment (8.0_112-b06) (build 1.8.0_112-release-b06)
# Java VM: OpenJDK 64-Bit Server VM (25.112-b06 mixed mode windows-amd64 compressed oops)
Heap:
 PSYoungGen      total 348160K, used 335250K [0x00000000e0000000, 0x00000000f7180000, 0x0000000100000000)
  eden space 339456K, 96% used [0x00000000e0000000,0x00000000f3eeabf0,0x00000000f4b80000)
  from space 8704K, 99% used [0x00000000f6900000,0x00000000f7179e68,0x00000000f7180000)
  to   space 19456K, 0% used [0x00000000f4b80000,0x00000000f4b80000,0x00000000f5e80000)
 ParOldGen       total 123904K, used 84012K [0x00000000a0000000, 0x00000000a7900000, 0x00000000e0000000)
  object space 123904K, 67% used [0x00000000a0000000,0x00000000a520b378,0x00000000a7900000)
 Metaspace       used 71972K, capacity 76038K, committed 76160K, reserved 1116160K
  class space    used 9331K, capacity 10103K, committed 10112K, reserved 1048576K
GC Heap History (10 events):
Event: 39.425 GC heap before
{Heap before GC invocations=17 (full 3):
 PSYoungGen      total 272384K, used 3120K [0x00000000e0000000, 0x00000000f2400000, 0x0000000100000000)
  eden space 251904K, 0% used [0x00000000e0000000,0x00000000e0000000,0x00000000ef600000)
  from space 20480K, 15% used [0x00000000f0a00000,0x00000000f0d0c030,0x00000000f1e00000)
  to   space 20480K, 0% used [0x00000000ef600000,0x00000000ef600000,0x00000000f0a00000)
 ParOldGen       total 75264K, used 50002K [0x00000000a0000000, 0x00000000a4980000, 0x00000000e0000000)
  object space 75264K, 66% used [0x00000000a0000000,0x00000000a30d4bc0,0x00000000a4980000)
 Metaspace       used 56634K, capacity 59056K, committed 59136K, reserved 1099776K
  class space    used 7632K, capacity 8135K, committed 8192K, reserved 1048576K
Event: 39.915 GC heap after
Heap after GC invocations=17 (full 3):
 PSYoungGen      total 272384K, used 0K [0x00000000e0000000, 0x00000000f2400000, 0x0000000100000000)
  eden space 251904K, 0% used [0x00000000e0000000,0x00000000e0000000,0x00000000ef600000)
  from space 20480K, 0% used [0x00000000f0a00000,0x00000000f0a00000,0x00000000f1e00000)
  to   space 20480K, 0% used [0x00000000ef600000,0x00000000ef600000,0x00000000f0a00000)
 ParOldGen       total 123904K, used 44371K [0x00000000a0000000, 0x00000000a7900000, 0x00000000e0000000)
  object space 123904K, 35% used [0x00000000a0000000,0x00000000a2b54e00,0x00000000a7900000)
 Metaspace       used 56634K, capacity 59056K, committed 59136K, reserved 1099776K
  class space    used 7632K, capacity 8135K, committed 8192K, reserved 1048576K
}
Event: 340.165 GC heap before
{Heap before GC invocations=18 (full 3):
 PSYoungGen      total 272384K, used 251904K [0x00000000e0000000, 0x00000000f2400000, 0x0000000100000000)
  eden space 251904K, 100% used [0x00000000e0000000,0x00000000ef600000,0x00000000ef600000)
  from space 20480K, 0% used [0x00000000f0a00000,0x00000000f0a00000,0x00000000f1e00000)
  to   space 20480K, 0% used [0x00000000ef600000,0x00000000ef600000,0x00000000f0a00000)
 ParOldGen       total 123904K, used 44371K [0x00000000a0000000, 0x00000000a7900000, 0x00000000e0000000)
  object space 123904K, 35% used [0x00000000a0000000,0x00000000a2b54e00,0x00000000a7900000)
 Metaspace       used 58970K, capacity 61992K, committed 62080K, reserved 1103872K
  class space    used 7930K, capacity 8510K, committed 8576K, reserved 1048576K
Event: 340.202 GC heap after
Heap after GC invocations=18 (full 3):
 PSYoungGen      total 272384K, used 10741K [0x00000000e0000000, 0x00000000f7c80000, 0x0000000100000000)
  eden space 251904K, 0% used [0x00000000e0000000,0x00000000e0000000,0x00000000ef600000)
  from space 20480K, 52% used [0x00000000ef600000,0x00000000f007d658,0x00000000f0a00000)
  to   space 19968K, 0% used [0x00000000f6900000,0x00000000f6900000,0x00000000f7c80000)
 ParOldGen       total 123904K, used 44379K [0x00000000a0000000, 0x00000000a7900000, 0x00000000e0000000)
  object space 123904K, 35% used [0x00000000a0000000,0x00000000a2b56e00,0x00000000a7900000)
 Metaspace       used 58970K, capacity 61992K, committed 62080K, reserved 1103872K
  class space    used 7930K, capacity 8510K, committed 8576K, reserved 1048576K
}
Event: 476.874 GC heap before
{Heap before GC invocations=19 (full 3):
 PSYoungGen      total 272384K, used 262645K [0x00000000e0000000, 0x00000000f7c80000, 0x0000000100000000)
  eden space 251904K, 100% used [0x00000000e0000000,0x00000000ef600000,0x00000000ef600000)
  from space 20480K, 52% used [0x00000000ef600000,0x00000000f007d658,0x00000000f0a00000)
  to   space 19968K, 0% used [0x00000000f6900000,0x00000000f6900000,0x00000000f7c80000)
 ParOldGen       total 123904K, used 44379K [0x00000000a0000000, 0x00000000a7900000, 0x00000000e0000000)
  object space 123904K, 35% used [0x00000000a0000000,0x00000000a2b56e00,0x00000000a7900000)
 Metaspace       used 60573K, capacity 63984K, committed 64128K, reserved 1103872K
  class space    used 8116K, capacity 8760K, committed 8832K, reserved 1048576K
Event: 476.898 GC heap after
Heap after GC invocations=19 (full 3):
 PSYoungGen      total 348160K, used 7017K [0x00000000e0000000, 0x00000000f7180000, 0x0000000100000000)
  eden space 339456K, 0% used [0x00000000e0000000,0x00000000e0000000,0x00000000f4b80000)
  from space 8704K, 80% used [0x00000000f6900000,0x00000000f6fda590,0x00000000f7180000)
  to   space 19456K, 0% used [0x00000000f4b80000,0x00000000f4b80000,0x00000000f5e80000)
 ParOldGen       total 123904K, used 49891K [0x00000000a0000000, 0x00000000a7900000, 0x00000000e0000000)
  object space 123904K, 40% used [0x00000000a0000000,0x00000000a30b8eb0,0x00000000a7900000)
 Metaspace       used 60573K, capacity 63984K, committed 64128K, reserved 1103872K
  class space    used 8116K, capacity 8760K, committed 8832K, reserved 1048576K
}
Event: 562.868 GC heap before
{Heap before GC invocations=20 (full 3):
 PSYoungGen      total 348160K, used 346473K [0x00000000e0000000, 0x00000000f7180000, 0x0000000100000000)
  eden space 339456K, 100% used [0x00000000e0000000,0x00000000f4b80000,0x00000000f4b80000)
  from space 8704K, 80% used [0x00000000f6900000,0x00000000f6fda590,0x00000000f7180000)
  to   space 19456K, 0% used [0x00000000f4b80000,0x00000000f4b80000,0x00000000f5e80000)
 ParOldGen       total 123904K, used 49891K [0x00000000a0000000, 0x00000000a7900000, 0x00000000e0000000)
  object space 123904K, 40% used [0x00000000a0000000,0x00000000a30b8eb0,0x00000000a7900000)
 Metaspace       used 64035K, capacity 67786K, committed 67968K, reserved 1107968K
  class space    used 8532K, capacity 9239K, committed 9344K, reserved 1048576K
Event: 562.899 GC heap after
Heap after GC invocations=20 (full 3):
 PSYoungGen      total 358912K, used 15759K [0x00000000e0000000, 0x00000000f7180000, 0x0000000100000000)
  eden space 339456K, 0% used [0x00000000e0000000,0x00000000e0000000,0x00000000f4b80000)
  from space 19456K, 80% used [0x00000000f4b80000,0x00000000f5ae3d68,0x00000000f5e80000)
  to   space 8704K, 0% used [0x00000000f6900000,0x00000000f6900000,0x00000000f7180000)
 ParOldGen       total 123904K, used 54787K [0x00000000a0000000, 0x00000000a7900000, 0x00000000e0000000)
  object space 123904K, 44% used [0x00000000a0000000,0x00000000a3580ea8,0x00000000a7900000)
 Metaspace       used 64035K, capacity 67786K, committed 67968K, reserved 1107968K
  class space    used 8532K, capacity 9239K, committed 9344K, reserved 1048576K
}
Event: 571.292 GC heap before
{Heap before GC invocations=21 (full 3):
 PSYoungGen      total 358912K, used 355215K [0x00000000e0000000, 0x00000000f7180000, 0x0000000100000000)
  eden space 339456K, 100% used [0x00000000e0000000,0x00000000f4b80000,0x00000000f4b80000)
  from space 19456K, 80% used [0x00000000f4b80000,0x00000000f5ae3d68,0x00000000f5e80000)
  to   space 8704K, 0% used [0x00000000f6900000,0x00000000f6900000,0x00000000f7180000)
 ParOldGen       total 123904K, used 54787K [0x00000000a0000000, 0x00000000a7900000, 0x00000000e0000000)
  object space 123904K, 44% used [0x00000000a0000000,0x00000000a3580ea8,0x00000000a7900000)
 Metaspace       used 69476K, capacity 73428K, committed 73728K, reserved 1114112K
  class space    used 9185K, capacity 9934K, committed 9984K, reserved 1048576K
Event: 571.339 GC heap after
Heap after GC invocations=21 (full 3):
 PSYoungGen      total 348160K, used 8679K [0x00000000e0000000, 0x00000000f7180000, 0x0000000100000000)
  eden space 339456K, 0% used [0x00000000e0000000,0x00000000e0000000,0x00000000f4b80000)
  from space 8704K, 99% used [0x00000000f6900000,0x00000000f7179e68,0x00000000f7180000)
  to   space 19456K, 0% used [0x00000000f4b80000,0x00000000f4b80000,0x00000000f5e80000)
 ParOldGen       total 123904K, used 84012K [0x00000000a0000000, 0x00000000a7900000, 0x00000000e0000000)
  object space 123904K, 67% used [0x00000000a0000000,0x00000000a520b378,0x00000000a7900000)
 Metaspace       used 69476K, capacity 73428K, committed 73728K, reserved 1114112K
  class space    used 9185K, capacity 9934K, committed 9984K, reserved 1048576K
}

